TN:
SF:/Users/pianco/projects/community/curriculum/src/app.module.ts
FNF:0
FNH:0
DA:1,0
DA:2,0
DA:9,0
LF:3
LH:0
BRF:0
BRH:0
end_of_record
TN:
SF:/Users/pianco/projects/community/curriculum/src/bootstrap.ts
FNF:0
FNH:0
DA:1,1
DA:3,1
LF:2
LH:2
BRDA:4,0,0,1
BRDA:4,0,1,0
BRF:2
BRH:1
end_of_record
TN:
SF:/Users/pianco/projects/community/curriculum/src/main.ts
FN:4,bootstrap
FNF:1
FNH:0
FNDA:0,bootstrap
DA:1,0
DA:2,0
DA:5,0
DA:6,0
DA:8,0
LF:5
LH:0
BRF:0
BRH:0
end_of_record
TN:
SF:/Users/pianco/projects/community/curriculum/src/author/author.controller.ts
FN:20,(anonymous_4)
FN:24,(anonymous_5)
FN:29,(anonymous_6)
FN:33,(anonymous_7)
FN:38,(anonymous_8)
FN:46,(anonymous_9)
FNF:6
FNH:6
FNDA:11,(anonymous_4)
FNDA:1,(anonymous_5)
FNDA:2,(anonymous_6)
FNDA:1,(anonymous_7)
FNDA:2,(anonymous_8)
FNDA:2,(anonymous_9)
DA:1,1
DA:2,1
DA:14,1
DA:16,1
DA:19,1
DA:20,11
DA:24,1
DA:25,1
DA:29,1
DA:30,2
DA:33,1
DA:34,1
DA:38,1
DA:42,2
DA:46,1
DA:47,2
LF:16
LH:16
BRF:0
BRH:0
end_of_record
TN:
SF:/Users/pianco/projects/community/curriculum/src/author/author.model.ts
FNF:0
FNH:0
DA:1,1
DA:4,1
DA:6,1
DA:9,1
DA:12,1
DA:15,1
LF:6
LH:6
BRF:0
BRH:0
end_of_record
TN:
SF:/Users/pianco/projects/community/curriculum/src/author/author.module.ts
FNF:0
FNH:0
DA:1,1
DA:2,1
DA:3,1
DA:4,1
DA:5,1
DA:12,1
LF:6
LH:6
BRF:0
BRH:0
end_of_record
TN:
SF:/Users/pianco/projects/community/curriculum/src/author/author.providers.ts
FNF:0
FNH:0
DA:1,1
DA:3,1
LF:2
LH:2
BRF:0
BRH:0
end_of_record
TN:
SF:/Users/pianco/projects/community/curriculum/src/author/author.service.ts
FN:9,(anonymous_4)
FN:14,(anonymous_5)
FN:18,(anonymous_6)
FN:28,(anonymous_7)
FN:33,(anonymous_8)
FN:48,(anonymous_9)
FNF:6
FNH:6
FNDA:11,(anonymous_4)
FNDA:1,(anonymous_5)
FNDA:2,(anonymous_6)
FNDA:1,(anonymous_7)
FNDA:2,(anonymous_8)
FNDA:2,(anonymous_9)
DA:1,1
DA:8,1
DA:11,11
DA:15,1
DA:19,2
DA:21,2
DA:22,1
DA:25,1
DA:29,1
DA:30,1
DA:37,2
DA:39,2
DA:40,1
DA:43,1
DA:45,1
DA:49,2
DA:50,2
DA:51,1
DA:54,1
LF:19
LH:19
BRDA:21,0,0,1
BRDA:21,0,1,1
BRDA:39,1,0,1
BRDA:39,1,1,1
BRDA:50,2,0,1
BRDA:50,2,1,1
BRF:6
BRH:6
end_of_record
TN:
SF:/Users/pianco/projects/community/curriculum/src/author/index.ts
FNF:0
FNH:0
DA:1,1
LF:1
LH:1
BRF:0
BRH:0
end_of_record
TN:
SF:/Users/pianco/projects/community/curriculum/src/author/dto/create-author.dto.ts
FNF:0
FNH:0
DA:1,1
DA:3,1
DA:7,1
DA:10,1
DA:13,1
LF:5
LH:5
BRF:0
BRH:0
end_of_record
TN:
SF:/Users/pianco/projects/community/curriculum/src/author/dto/update-author.dto.ts
FNF:0
FNH:0
DA:3,1
LF:1
LH:1
BRF:0
BRH:0
end_of_record
TN:
SF:/Users/pianco/projects/community/curriculum/src/config/database.providers.ts
FN:8,(anonymous_0)
FNF:1
FNH:1
FNDA:11,(anonymous_0)
DA:1,1
DA:2,1
DA:3,1
DA:4,1
DA:5,1
DA:9,11
DA:14,11
DA:15,11
DA:16,11
LF:9
LH:9
BRF:0
BRH:0
end_of_record
TN:
SF:/Users/pianco/projects/community/curriculum/src/database/database.module.ts
FNF:0
FNH:0
DA:1,1
DA:2,1
DA:8,1
LF:3
LH:3
BRF:0
BRH:0
end_of_record
TN:
SF:/Users/pianco/projects/community/curriculum/src/database/entities.data.ts
FNF:0
FNH:0
DA:1,1
DA:3,1
LF:2
LH:2
BRF:0
BRH:0
end_of_record
